1763384958.881400 client started (3006535): version 3.2a, socket /tmp/tmux-1050/default, protocol 8
1763384958.881452 on Linux 5.15.0-134-generic #145-Ubuntu SMP Wed Feb 12 20:08:39 UTC 2025
1763384958.881465 using libevent 2.1.12-stable (poll); ncurses 6.3
1763384958.881525 flags are 0x8010000
1763384958.881537 socket is /tmp/tmux-1050/default
1763384958.881560 trying connect
1763384958.881693 add peer 0x563a0be2a3f0: 6 ((nil))
1763384958.882387 sending message 100 to peer 0x563a0be2a3f0 (4 bytes)
1763384958.882407 sending message 111 to peer 0x563a0be2a3f0 (8 bytes)
1763384958.882419 sending message 101 to peer 0x563a0be2a3f0 (15 bytes)
1763384958.882429 sending message 109 to peer 0x563a0be2a3f0 (4 bytes)
1763384958.882439 sending message 102 to peer 0x563a0be2a3f0 (13 bytes)
1763384958.882449 sending message 108 to peer 0x563a0be2a3f0 (33 bytes)
1763384958.882460 sending message 112 to peer 0x563a0be2a3f0 (58 bytes)
1763384958.882471 sending message 112 to peer 0x563a0be2a3f0 (5 bytes)
1763384958.882481 sending message 112 to peer 0x563a0be2a3f0 (5 bytes)
1763384958.882491 sending message 112 to peer 0x563a0be2a3f0 (6 bytes)
1763384958.882501 sending message 112 to peer 0x563a0be2a3f0 (6 bytes)
1763384958.882511 sending message 112 to peer 0x563a0be2a3f0 (11 bytes)
1763384958.882521 sending message 112 to peer 0x563a0be2a3f0 (10 bytes)
1763384958.882532 sending message 112 to peer 0x563a0be2a3f0 (13 bytes)
1763384958.882542 sending message 112 to peer 0x563a0be2a3f0 (14 bytes)
1763384958.882552 sending message 112 to peer 0x563a0be2a3f0 (19 bytes)
1763384958.882561 sending message 112 to peer 0x563a0be2a3f0 (11 bytes)
1763384958.882571 sending message 112 to peer 0x563a0be2a3f0 (10 bytes)
1763384958.882581 sending message 112 to peer 0x563a0be2a3f0 (15 bytes)
1763384958.882591 sending message 112 to peer 0x563a0be2a3f0 (21 bytes)
1763384958.882601 sending message 112 to peer 0x563a0be2a3f0 (13 bytes)
1763384958.882611 sending message 112 to peer 0x563a0be2a3f0 (7 bytes)
1763384958.882621 sending message 112 to peer 0x563a0be2a3f0 (13 bytes)
1763384958.882631 sending message 112 to peer 0x563a0be2a3f0 (7 bytes)
1763384958.882641 sending message 112 to peer 0x563a0be2a3f0 (13 bytes)
1763384958.882651 sending message 112 to peer 0x563a0be2a3f0 (9 bytes)
1763384958.882661 sending message 112 to peer 0x563a0be2a3f0 (21 bytes)
1763384958.882671 sending message 112 to peer 0x563a0be2a3f0 (13 bytes)
1763384958.882682 sending message 112 to peer 0x563a0be2a3f0 (9 bytes)
1763384958.882692 sending message 112 to peer 0x563a0be2a3f0 (16 bytes)
1763384958.882702 sending message 112 to peer 0x563a0be2a3f0 (13 bytes)
1763384958.882711 sending message 112 to peer 0x563a0be2a3f0 (9 bytes)
1763384958.882721 sending message 112 to peer 0x563a0be2a3f0 (9 bytes)
1763384958.882731 sending message 112 to peer 0x563a0be2a3f0 (12 bytes)
1763384958.882745 sending message 112 to peer 0x563a0be2a3f0 (8 bytes)
1763384958.882762 sending message 112 to peer 0x563a0be2a3f0 (8 bytes)
1763384958.882777 sending message 112 to peer 0x563a0be2a3f0 (13 bytes)
1763384958.882792 sending message 112 to peer 0x563a0be2a3f0 (7 bytes)
1763384958.882809 sending message 112 to peer 0x563a0be2a3f0 (7 bytes)
1763384958.882825 sending message 112 to peer 0x563a0be2a3f0 (9 bytes)
1763384958.882835 sending message 112 to peer 0x563a0be2a3f0 (9 bytes)
1763384958.882845 sending message 112 to peer 0x563a0be2a3f0 (15 bytes)
1763384958.882855 sending message 112 to peer 0x563a0be2a3f0 (13 bytes)
1763384958.882865 sending message 112 to peer 0x563a0be2a3f0 (12 bytes)
1763384958.882875 sending message 112 to peer 0x563a0be2a3f0 (8 bytes)
1763384958.882885 sending message 112 to peer 0x563a0be2a3f0 (14 bytes)
1763384958.882895 sending message 112 to peer 0x563a0be2a3f0 (11 bytes)
1763384958.882905 sending message 112 to peer 0x563a0be2a3f0 (9 bytes)
1763384958.882915 sending message 112 to peer 0x563a0be2a3f0 (10 bytes)
1763384958.882925 sending message 112 to peer 0x563a0be2a3f0 (10 bytes)
1763384958.882936 sending message 112 to peer 0x563a0be2a3f0 (10 bytes)
1763384958.882946 sending message 112 to peer 0x563a0be2a3f0 (10 bytes)
1763384958.882968 sending message 112 to peer 0x563a0be2a3f0 (11 bytes)
1763384958.882978 sending message 112 to peer 0x563a0be2a3f0 (12 bytes)
1763384958.882988 sending message 112 to peer 0x563a0be2a3f0 (12 bytes)
1763384958.882998 sending message 112 to peer 0x563a0be2a3f0 (12 bytes)
1763384958.883008 sending message 112 to peer 0x563a0be2a3f0 (12 bytes)
1763384958.883018 sending message 112 to peer 0x563a0be2a3f0 (12 bytes)
1763384958.883028 sending message 112 to peer 0x563a0be2a3f0 (11 bytes)
1763384958.883038 sending message 112 to peer 0x563a0be2a3f0 (11 bytes)
1763384958.883048 sending message 112 to peer 0x563a0be2a3f0 (12 bytes)
1763384958.883058 sending message 112 to peer 0x563a0be2a3f0 (12 bytes)
1763384958.883069 sending message 112 to peer 0x563a0be2a3f0 (12 bytes)
1763384958.883079 sending message 112 to peer 0x563a0be2a3f0 (12 bytes)
1763384958.883089 sending message 112 to peer 0x563a0be2a3f0 (12 bytes)
1763384958.883099 sending message 112 to peer 0x563a0be2a3f0 (9 bytes)
1763384958.883109 sending message 112 to peer 0x563a0be2a3f0 (12 bytes)
1763384958.883119 sending message 112 to peer 0x563a0be2a3f0 (13 bytes)
1763384958.883129 sending message 112 to peer 0x563a0be2a3f0 (13 bytes)
1763384958.883139 sending message 112 to peer 0x563a0be2a3f0 (13 bytes)
1763384958.883149 sending message 112 to peer 0x563a0be2a3f0 (13 bytes)
1763384958.883159 sending message 112 to peer 0x563a0be2a3f0 (13 bytes)
1763384958.883169 sending message 112 to peer 0x563a0be2a3f0 (8 bytes)
1763384958.883179 sending message 112 to peer 0x563a0be2a3f0 (11 bytes)
1763384958.883189 sending message 112 to peer 0x563a0be2a3f0 (11 bytes)
1763384958.883199 sending message 112 to peer 0x563a0be2a3f0 (11 bytes)
1763384958.883208 sending message 112 to peer 0x563a0be2a3f0 (12 bytes)
1763384958.883218 sending message 112 to peer 0x563a0be2a3f0 (12 bytes)
1763384958.883229 sending message 112 to peer 0x563a0be2a3f0 (12 bytes)
1763384958.883238 sending message 112 to peer 0x563a0be2a3f0 (12 bytes)
1763384958.883248 sending message 112 to peer 0x563a0be2a3f0 (13 bytes)
1763384958.883258 sending message 112 to peer 0x563a0be2a3f0 (13 bytes)
1763384958.883268 sending message 112 to peer 0x563a0be2a3f0 (13 bytes)
1763384958.883278 sending message 112 to peer 0x563a0be2a3f0 (8 bytes)
1763384958.883289 sending message 112 to peer 0x563a0be2a3f0 (13 bytes)
1763384958.883299 sending message 112 to peer 0x563a0be2a3f0 (13 bytes)
1763384958.883309 sending message 112 to peer 0x563a0be2a3f0 (13 bytes)
1763384958.883318 sending message 112 to peer 0x563a0be2a3f0 (13 bytes)
1763384958.883328 sending message 112 to peer 0x563a0be2a3f0 (13 bytes)
1763384958.883338 sending message 112 to peer 0x563a0be2a3f0 (12 bytes)
1763384958.883348 sending message 112 to peer 0x563a0be2a3f0 (12 bytes)
1763384958.883358 sending message 112 to peer 0x563a0be2a3f0 (12 bytes)
1763384958.883368 sending message 112 to peer 0x563a0be2a3f0 (12 bytes)
1763384958.883378 sending message 112 to peer 0x563a0be2a3f0 (13 bytes)
1763384958.883388 sending message 112 to peer 0x563a0be2a3f0 (8 bytes)
1763384958.883398 sending message 112 to peer 0x563a0be2a3f0 (13 bytes)
1763384958.883408 sending message 112 to peer 0x563a0be2a3f0 (13 bytes)
1763384958.883418 sending message 112 to peer 0x563a0be2a3f0 (13 bytes)
1763384958.883427 sending message 112 to peer 0x563a0be2a3f0 (13 bytes)
1763384958.883438 sending message 112 to peer 0x563a0be2a3f0 (13 bytes)
1763384958.883448 sending message 112 to peer 0x563a0be2a3f0 (13 bytes)
1763384958.883458 sending message 112 to peer 0x563a0be2a3f0 (13 bytes)
1763384958.883468 sending message 112 to peer 0x563a0be2a3f0 (12 bytes)
1763384958.883478 sending message 112 to peer 0x563a0be2a3f0 (12 bytes)
1763384958.883488 sending message 112 to peer 0x563a0be2a3f0 (12 bytes)
1763384958.883497 sending message 112 to peer 0x563a0be2a3f0 (8 bytes)
1763384958.883507 sending message 112 to peer 0x563a0be2a3f0 (12 bytes)
1763384958.883517 sending message 112 to peer 0x563a0be2a3f0 (13 bytes)
1763384958.883528 sending message 112 to peer 0x563a0be2a3f0 (13 bytes)
1763384958.883544 sending message 112 to peer 0x563a0be2a3f0 (13 bytes)
1763384958.883554 sending message 112 to peer 0x563a0be2a3f0 (13 bytes)
1763384958.883564 sending message 112 to peer 0x563a0be2a3f0 (13 bytes)
1763384958.883574 sending message 112 to peer 0x563a0be2a3f0 (13 bytes)
1763384958.883584 sending message 112 to peer 0x563a0be2a3f0 (13 bytes)
1763384958.883594 sending message 112 to peer 0x563a0be2a3f0 (13 bytes)
1763384958.883603 sending message 112 to peer 0x563a0be2a3f0 (12 bytes)
1763384958.883613 sending message 112 to peer 0x563a0be2a3f0 (10 bytes)
1763384958.883623 sending message 112 to peer 0x563a0be2a3f0 (12 bytes)
1763384958.883634 sending message 112 to peer 0x563a0be2a3f0 (12 bytes)
1763384958.883643 sending message 112 to peer 0x563a0be2a3f0 (12 bytes)
1763384958.883653 sending message 112 to peer 0x563a0be2a3f0 (13 bytes)
1763384958.883663 sending message 112 to peer 0x563a0be2a3f0 (13 bytes)
1763384958.883673 sending message 112 to peer 0x563a0be2a3f0 (13 bytes)
1763384958.883683 sending message 112 to peer 0x563a0be2a3f0 (13 bytes)
1763384958.883693 sending message 112 to peer 0x563a0be2a3f0 (13 bytes)
1763384958.883703 sending message 112 to peer 0x563a0be2a3f0 (13 bytes)
1763384958.883713 sending message 112 to peer 0x563a0be2a3f0 (13 bytes)
1763384958.883723 sending message 112 to peer 0x563a0be2a3f0 (10 bytes)
1763384958.883732 sending message 112 to peer 0x563a0be2a3f0 (13 bytes)
1763384958.883742 sending message 112 to peer 0x563a0be2a3f0 (12 bytes)
1763384958.883752 sending message 112 to peer 0x563a0be2a3f0 (12 bytes)
1763384958.883762 sending message 112 to peer 0x563a0be2a3f0 (12 bytes)
1763384958.883772 sending message 112 to peer 0x563a0be2a3f0 (10 bytes)
1763384958.883782 sending message 112 to peer 0x563a0be2a3f0 (10 bytes)
1763384958.883792 sending message 112 to peer 0x563a0be2a3f0 (10 bytes)
1763384958.883802 sending message 112 to peer 0x563a0be2a3f0 (12 bytes)
1763384958.883811 sending message 112 to peer 0x563a0be2a3f0 (13 bytes)
1763384958.883821 sending message 112 to peer 0x563a0be2a3f0 (13 bytes)
1763384958.883831 sending message 112 to peer 0x563a0be2a3f0 (13 bytes)
1763384958.883841 sending message 112 to peer 0x563a0be2a3f0 (13 bytes)
1763384958.883851 sending message 112 to peer 0x563a0be2a3f0 (13 bytes)
1763384958.883861 sending message 112 to peer 0x563a0be2a3f0 (10 bytes)
1763384958.883871 sending message 112 to peer 0x563a0be2a3f0 (11 bytes)
1763384958.883881 sending message 112 to peer 0x563a0be2a3f0 (12 bytes)
1763384958.883891 sending message 112 to peer 0x563a0be2a3f0 (12 bytes)
1763384958.883901 sending message 112 to peer 0x563a0be2a3f0 (12 bytes)
1763384958.883910 sending message 112 to peer 0x563a0be2a3f0 (12 bytes)
1763384958.883920 sending message 112 to peer 0x563a0be2a3f0 (12 bytes)
1763384958.883930 sending message 112 to peer 0x563a0be2a3f0 (11 bytes)
1763384958.883940 sending message 112 to peer 0x563a0be2a3f0 (12 bytes)
1763384958.883950 sending message 112 to peer 0x563a0be2a3f0 (12 bytes)
1763384958.883960 sending message 112 to peer 0x563a0be2a3f0 (13 bytes)
1763384958.883970 sending message 112 to peer 0x563a0be2a3f0 (13 bytes)
1763384958.883980 sending message 112 to peer 0x563a0be2a3f0 (13 bytes)
1763384958.883990 sending message 112 to peer 0x563a0be2a3f0 (13 bytes)
1763384958.884000 sending message 112 to peer 0x563a0be2a3f0 (13 bytes)
1763384958.884010 sending message 112 to peer 0x563a0be2a3f0 (10 bytes)
1763384958.884020 sending message 112 to peer 0x563a0be2a3f0 (9 bytes)
1763384958.884030 sending message 112 to peer 0x563a0be2a3f0 (12 bytes)
1763384958.884040 sending message 112 to peer 0x563a0be2a3f0 (13 bytes)
1763384958.884049 sending message 112 to peer 0x563a0be2a3f0 (13 bytes)
1763384958.884059 sending message 112 to peer 0x563a0be2a3f0 (13 bytes)
1763384958.884069 sending message 112 to peer 0x563a0be2a3f0 (13 bytes)
1763384958.884079 sending message 112 to peer 0x563a0be2a3f0 (13 bytes)
1763384958.884089 sending message 112 to peer 0x563a0be2a3f0 (9 bytes)
1763384958.884099 sending message 112 to peer 0x563a0be2a3f0 (12 bytes)
1763384958.884115 sending message 112 to peer 0x563a0be2a3f0 (13 bytes)
1763384958.884125 sending message 112 to peer 0x563a0be2a3f0 (13 bytes)
1763384958.884135 sending message 112 to peer 0x563a0be2a3f0 (13 bytes)
1763384958.884144 sending message 112 to peer 0x563a0be2a3f0 (13 bytes)
1763384958.884154 sending message 112 to peer 0x563a0be2a3f0 (13 bytes)
1763384958.884165 sending message 112 to peer 0x563a0be2a3f0 (11 bytes)
1763384958.884174 sending message 112 to peer 0x563a0be2a3f0 (12 bytes)
1763384958.884184 sending message 112 to peer 0x563a0be2a3f0 (13 bytes)
1763384958.884194 sending message 112 to peer 0x563a0be2a3f0 (13 bytes)
1763384958.884204 sending message 112 to peer 0x563a0be2a3f0 (13 bytes)
1763384958.884213 sending message 112 to peer 0x563a0be2a3f0 (13 bytes)
1763384958.884223 sending message 112 to peer 0x563a0be2a3f0 (13 bytes)
1763384958.884233 sending message 112 to peer 0x563a0be2a3f0 (11 bytes)
1763384958.884242 sending message 112 to peer 0x563a0be2a3f0 (12 bytes)
1763384958.884252 sending message 112 to peer 0x563a0be2a3f0 (12 bytes)
1763384958.884262 sending message 112 to peer 0x563a0be2a3f0 (12 bytes)
1763384958.884272 sending message 112 to peer 0x563a0be2a3f0 (12 bytes)
1763384958.884285 sending message 112 to peer 0x563a0be2a3f0 (12 bytes)
1763384958.884295 sending message 112 to peer 0x563a0be2a3f0 (21 bytes)
1763384958.884305 sending message 112 to peer 0x563a0be2a3f0 (12 bytes)
1763384958.884315 sending message 112 to peer 0x563a0be2a3f0 (9 bytes)
1763384958.884325 sending message 112 to peer 0x563a0be2a3f0 (6 bytes)
1763384958.884334 sending message 112 to peer 0x563a0be2a3f0 (13 bytes)
1763384958.884344 sending message 112 to peer 0x563a0be2a3f0 (10 bytes)
1763384958.884354 sending message 112 to peer 0x563a0be2a3f0 (24 bytes)
1763384958.884363 sending message 112 to peer 0x563a0be2a3f0 (13 bytes)
1763384958.884373 sending message 112 to peer 0x563a0be2a3f0 (9 bytes)
1763384958.884382 sending message 112 to peer 0x563a0be2a3f0 (70 bytes)
1763384958.884392 sending message 112 to peer 0x563a0be2a3f0 (69 bytes)
1763384958.884403 sending message 112 to peer 0x563a0be2a3f0 (12 bytes)
1763384958.884412 sending message 112 to peer 0x563a0be2a3f0 (10 bytes)
1763384958.884422 sending message 112 to peer 0x563a0be2a3f0 (10 bytes)
1763384958.884431 sending message 112 to peer 0x563a0be2a3f0 (24 bytes)
1763384958.884444 sending message 112 to peer 0x563a0be2a3f0 (13 bytes)
1763384958.884454 sending message 112 to peer 0x563a0be2a3f0 (10 bytes)
1763384958.884464 sending message 112 to peer 0x563a0be2a3f0 (10 bytes)
1763384958.884474 sending message 112 to peer 0x563a0be2a3f0 (10 bytes)
1763384958.884484 sending message 112 to peer 0x563a0be2a3f0 (13 bytes)
1763384958.884494 sending message 112 to peer 0x563a0be2a3f0 (15 bytes)
1763384958.884503 sending message 112 to peer 0x563a0be2a3f0 (5 bytes)
1763384958.884516 sending message 104 to peer 0x563a0be2a3f0 (0 bytes)
1763384958.884529 sending message 110 to peer 0x563a0be2a3f0 (0 bytes)
1763384958.884542 sending message 107 to peer 0x563a0be2a3f0 (4 bytes)
1763384958.884552 sending message 105 to peer 0x563a0be2a3f0 (9 bytes)
1763384958.884562 sending message 105 to peer 0x563a0be2a3f0 (36 bytes)
1763384958.884571 sending message 105 to peer 0x563a0be2a3f0 (21 bytes)
1763384958.884581 sending message 105 to peer 0x563a0be2a3f0 (8 bytes)
1763384958.884591 sending message 105 to peer 0x563a0be2a3f0 (39 bytes)
1763384958.884601 sending message 105 to peer 0x563a0be2a3f0 (15 bytes)
1763384958.884614 sending message 105 to peer 0x563a0be2a3f0 (15 bytes)
1763384958.884624 sending message 105 to peer 0x563a0be2a3f0 (116 bytes)
1763384958.884634 sending message 105 to peer 0x563a0be2a3f0 (54 bytes)
1763384958.884644 sending message 105 to peer 0x563a0be2a3f0 (12 bytes)
1763384958.884653 sending message 105 to peer 0x563a0be2a3f0 (16 bytes)
1763384958.884663 sending message 105 to peer 0x563a0be2a3f0 (23 bytes)
1763384958.884673 sending message 105 to peer 0x563a0be2a3f0 (22 bytes)
1763384958.884683 sending message 105 to peer 0x563a0be2a3f0 (494 bytes)
1763384958.884699 sending message 105 to peer 0x563a0be2a3f0 (31 bytes)
1763384958.884709 sending message 105 to peer 0x563a0be2a3f0 (17 bytes)
1763384958.884718 sending message 105 to peer 0x563a0be2a3f0 (19 bytes)
1763384958.884728 sending message 105 to peer 0x563a0be2a3f0 (37 bytes)
1763384958.884737 sending message 105 to peer 0x563a0be2a3f0 (26 bytes)
1763384958.884747 sending message 105 to peer 0x563a0be2a3f0 (54 bytes)
1763384958.884757 sending message 105 to peer 0x563a0be2a3f0 (65 bytes)
1763384958.884770 sending message 105 to peer 0x563a0be2a3f0 (25 bytes)
1763384958.884780 sending message 105 to peer 0x563a0be2a3f0 (11 bytes)
1763384958.884790 sending message 105 to peer 0x563a0be2a3f0 (8 bytes)
1763384958.884800 sending message 105 to peer 0x563a0be2a3f0 (32 bytes)
1763384958.884810 sending message 105 to peer 0x563a0be2a3f0 (1519 bytes)
1763384958.884850 sending message 105 to peer 0x563a0be2a3f0 (40 bytes)
1763384958.884860 sending message 105 to peer 0x563a0be2a3f0 (7 bytes)
1763384958.884871 sending message 105 to peer 0x563a0be2a3f0 (11 bytes)
1763384958.884881 sending message 105 to peer 0x563a0be2a3f0 (48 bytes)
1763384958.884890 sending message 105 to peer 0x563a0be2a3f0 (14 bytes)
1763384958.884900 sending message 105 to peer 0x563a0be2a3f0 (33 bytes)
1763384958.884910 sending message 105 to peer 0x563a0be2a3f0 (23 bytes)
1763384958.884920 sending message 105 to peer 0x563a0be2a3f0 (30 bytes)
1763384958.884930 sending message 105 to peer 0x563a0be2a3f0 (101 bytes)
1763384958.884940 sending message 105 to peer 0x563a0be2a3f0 (20 bytes)
1763384958.884950 sending message 105 to peer 0x563a0be2a3f0 (28 bytes)
1763384958.884960 sending message 105 to peer 0x563a0be2a3f0 (20 bytes)
1763384958.884970 sending message 105 to peer 0x563a0be2a3f0 (113 bytes)
1763384958.884980 sending message 105 to peer 0x563a0be2a3f0 (99 bytes)
1763384958.884990 sending message 105 to peer 0x563a0be2a3f0 (31 bytes)
1763384958.884999 sending message 105 to peer 0x563a0be2a3f0 (130 bytes)
1763384958.885010 sending message 105 to peer 0x563a0be2a3f0 (64 bytes)
1763384958.885020 sending message 105 to peer 0x563a0be2a3f0 (33 bytes)
1763384958.885030 sending message 105 to peer 0x563a0be2a3f0 (168 bytes)
1763384958.885040 sending message 105 to peer 0x563a0be2a3f0 (116 bytes)
1763384958.885050 sending message 105 to peer 0x563a0be2a3f0 (88 bytes)
1763384958.885060 sending message 105 to peer 0x563a0be2a3f0 (19 bytes)
1763384958.885070 sending message 105 to peer 0x563a0be2a3f0 (18 bytes)
1763384958.885080 sending message 105 to peer 0x563a0be2a3f0 (23 bytes)
1763384958.885090 sending message 105 to peer 0x563a0be2a3f0 (20 bytes)
1763384958.885100 sending message 105 to peer 0x563a0be2a3f0 (35 bytes)
1763384958.885110 sending message 105 to peer 0x563a0be2a3f0 (64 bytes)
1763384958.885120 sending message 106 to peer 0x563a0be2a3f0 (0 bytes)
1763384958.885138 cmd_pack_argv: argv[0]=new
1763384958.885147 cmd_pack_argv: argv[1]=-s
1763384958.885157 sending message 200 to peer 0x563a0be2a3f0 (11 bytes)
1763384958.885166 client loop enter
1763384958.886642 peer 0x563a0be2a3f0 message 303
1763384958.886662 open write file 2 -
1763384958.886684 sending message 305 to peer 0x563a0be2a3f0 (8 bytes)
1763384958.886704 write check file 2
1763384958.886962 peer 0x563a0be2a3f0 message 304
1763384958.886977 write 178 to file 2
1763384958.886988 peer 0x563a0be2a3f0 message 203
1763384958.886998 file 2 178 bytes left
1763384958.887025 write check file 2
1763384958.887035 client loop exit
